<?xml version="1.0" encoding="UTF-8"?>
<!-- Generated by org.testng.reporters.JUnitXMLReporter -->
<testsuite hostname="it-PC" ignored="0" name="Smoke1" tests="4" failures="0" timestamp="09 Apr 2018 06:24:05 GMT" time="0.106" errors="0">
  <testcase name="adminlogin" time="0.019" classname="datadriven.Annotations"/>
  <testcase name="dataGenration" time="0.002" classname="datadriven.Annotations"/>
  <testcase name="dataGenration" time="0.003" classname="datadriven.Annotations"/>
  <testcase name="dataGenration" time="0.004" classname="datadriven.Annotations"/>
</testsuite> <!-- Smoke1 -->
