<?xml version="1.0" encoding="UTF-8"?>
<!-- Generated by org.testng.reporters.JUnitXMLReporter -->
<testsuite hostname="it-PC" ignored="5" name="smoke test2" tests="1" failures="0" timestamp="08 Apr 2018 18:27:22 GMT" time="0.056" errors="0">
  <testcase name="registration" time="0.019" classname="testNGfiles.Annotations"/>
  <testcase name="firstTest" time="0.0" classname="testNGfiles.Annotation2">
    <ignored/>
  </testcase> <!-- firstTest -->
  <testcase name="login" time="0.0" classname="testNGfiles.Annotations">
    <ignored/>
  </testcase> <!-- login -->
  <testcase name="FlightCancel" time="0.0" classname="testNGfiles.Annotations">
    <ignored/>
  </testcase> <!-- FlightCancel -->
  <testcase name="FlightBooking" time="0.0" classname="testNGfiles.Annotations">
    <ignored/>
  </testcase> <!-- FlightBooking -->
  <testcase name="OpeningBrowser" time="0.0" classname="testNGfiles.Annotations">
    <ignored/>
  </testcase> <!-- OpeningBrowser -->
</testsuite> <!-- smoke test2 -->
