<?xml version="1.0" encoding="UTF-8"?>
<!-- Generated by org.testng.reporters.JUnitXMLReporter -->
<testsuite hostname="it-PC" ignored="0" name="smoke test" tests="6" failures="0" timestamp="08 Apr 2018 18:17:33 GMT" time="0.068" errors="0">
  <testcase name="firstTest" time="0.007" classname="testNGfiles.Annotation2"/>
  <testcase name="FlightBooking" time="0.002" classname="testNGfiles.Annotations"/>
  <testcase name="FlightCancel" time="0.002" classname="testNGfiles.Annotations"/>
  <testcase name="OpeningBrowser" time="0.003" classname="testNGfiles.Annotations"/>
  <testcase name="login" time="0.002" classname="testNGfiles.Annotations"/>
  <testcase name="registration" time="0.002" classname="testNGfiles.Annotations"/>
</testsuite> <!-- smoke test -->
