<?xml version="1.0" encoding="UTF-8"?>
<!-- Generated by org.testng.reporters.JUnitXMLReporter -->
<testsuite hostname="it-PC" ignored="1" name="smoke test" tests="8" failures="0" timestamp="08 Apr 2018 17:56:27 GMT" time="0.091" errors="0">
  <testcase name="firstTest" time="0.008" classname="testNGfiles.Annotation2"/>
  <testcase name="add" time="0.003" classname="testNGfiles2.ClasstestNG"/>
  <testcase name="FlightBooking" time="0.002" classname="testNGfiles.Annotations"/>
  <testcase name="FlightCancel" time="0.002" classname="testNGfiles.Annotations"/>
  <testcase name="OpeningBrowser" time="0.002" classname="testNGfiles.Annotations"/>
  <testcase name="OpeningBrowser" time="0.003" classname="testNGfiles.DependancyAnnota"/>
  <testcase name="timeRelated" time="0.014" classname="testNGfiles.DependancyAnnota"/>
  <testcase name="FlightBooking" time="0.001" classname="testNGfiles.DependancyAnnota"/>
  <testcase name="Payment" time="0.0" classname="testNGfiles.DependancyAnnota">
    <ignored/>
  </testcase> <!-- Payment -->
</testsuite> <!-- smoke test -->
