<?xml version="1.0" encoding="UTF-8"?>
<testng-results skipped="0" failed="0" ignored="0" total="4" passed="4">
  <reporter-output>
  </reporter-output>
  <suite name="Automation1" duration-ms="106" started-at="2018-04-09T06:24:04Z" finished-at="2018-04-09T06:24:05Z">
    <groups>
    </groups>
    <test name="Smoke1" duration-ms="106" started-at="2018-04-09T06:24:04Z" finished-at="2018-04-09T06:24:05Z">
      <class name="datadriven.Annotations">
        <test-method status="PASS" signature="adminlogin(java.lang.String)[pri:0, instance:datadriven.Annotations@6cc4c815]" name="adminlogin" duration-ms="19" started-at="2018-04-09T06:24:05Z" finished-at="2018-04-09T06:24:05Z">
          <params>
            <param index="0">
              <value>
                <![CDATA[admin]]>
              </value>
            </param>
          </params>
          <reporter-output>
          </reporter-output>
        </test-method> <!-- adminlogin -->
        <test-method status="PASS" signature="dataGenration(java.lang.String, java.lang.String, java.lang.String)[pri:0, instance:datadriven.Annotations@6cc4c815]" name="dataGenration" duration-ms="2" started-at="2018-04-09T06:24:05Z" data-provider="getData" finished-at="2018-04-09T06:24:05Z">
          <params>
            <param index="0">
              <value>
                <![CDATA[1abcd]]>
              </value>
            </param>
            <param index="1">
              <value>
                <![CDATA[2defg]]>
              </value>
            </param>
            <param index="2">
              <value>
                <![CDATA[3afg]]>
              </value>
            </param>
          </params>
          <reporter-output>
          </reporter-output>
        </test-method> <!-- dataGenration -->
        <test-method status="PASS" signature="dataGenration(java.lang.String, java.lang.String, java.lang.String)[pri:0, instance:datadriven.Annotations@6cc4c815]" name="dataGenration" duration-ms="3" started-at="2018-04-09T06:24:05Z" data-provider="getData" finished-at="2018-04-09T06:24:05Z">
          <params>
            <param index="0">
              <value>
                <![CDATA[jkm]]>
              </value>
            </param>
            <param index="1">
              <value>
                <![CDATA[kkf]]>
              </value>
            </param>
            <param index="2">
              <value>
                <![CDATA[aedr]]>
              </value>
            </param>
          </params>
          <reporter-output>
          </reporter-output>
        </test-method> <!-- dataGenration -->
        <test-method status="PASS" signature="dataGenration(java.lang.String, java.lang.String, java.lang.String)[pri:0, instance:datadriven.Annotations@6cc4c815]" name="dataGenration" duration-ms="4" started-at="2018-04-09T06:24:05Z" data-provider="getData" finished-at="2018-04-09T06:24:05Z">
          <params>
            <param index="0">
              <value>
                <![CDATA[abcd]]>
              </value>
            </param>
            <param index="1">
              <value>
                <![CDATA[defg]]>
              </value>
            </param>
            <param index="2">
              <value>
                <![CDATA[afg]]>
              </value>
            </param>
          </params>
          <reporter-output>
          </reporter-output>
        </test-method> <!-- dataGenration -->
      </class> <!-- datadriven.Annotations -->
    </test> <!-- Smoke1 -->
  </suite> <!-- Automation1 -->
</testng-results>
