<?xml version="1.0" encoding="UTF-8"?>
<!-- Generated by org.testng.reporters.JUnitXMLReporter -->
<testsuite hostname="it-PC" ignored="0" name="Default test" tests="3" failures="0" timestamp="09 Apr 2018 05:55:44 GMT" time="0.127" errors="0">
  <testcase name="dataGenration" time="0.021" classname="datadriven.Annotations"/>
  <testcase name="dataGenration" time="0.003" classname="datadriven.Annotations"/>
  <testcase name="dataGenration" time="0.002" classname="datadriven.Annotations"/>
</testsuite> <!-- Default test -->
